make[2]: *** 没有规则可制作目标“/usr/lib/x86_64-linux-gnu/libopencv_core.so.3.2.0”，由“/home/wbzhang/catkin_optflow/devel/.private/optflow_obs/lib/optflow_obs/classTest_node” 需求。 停止。
make[1]: *** [CMakeFiles/classTest_node.dir/all] Error 2
make: *** [all] Error 2
