[ 40%] Built target optflowLib
make[2]: *** æ²¡æœ‰è§„åˆ™å¯åˆ¶ä½œç›®æ ‡â€œ/usr/lib/x86_64-linux-gnu/libopencv_core.so.3.2.0â€ï¼Œç”±â€œ/home/wbzhang/catkin_optflow/devel/.private/optflow_obs/lib/optflow_obs/classTest_nodeâ€ éœ€æ±‚ã€‚ åœæ­¢ã€‚
make[2]: *** æ­£åœ¨ç­‰å¾…æœªå®Œæˆçš„ä»»åŠ¡....
[ 60%] [32mBuilding CXX object CMakeFiles/classTest_node.dir/src/optflowObsTest_node.cpp.o[0m
[ 80%] [32mBuilding CXX object CMakeFiles/classTest_node.dir/src/getMovement.cpp.o[0m
CMakeFiles/Makefile2:840: recipe for target 'CMakeFiles/classTest_node.dir/all' failed
make[1]: *** [CMakeFiles/classTest_node.dir/all] Error 2
Makefile:140: recipe for target 'all' failed
make: *** [all] Error 2
